<?xml version="1.0" encoding="UTF-8"?>
<testsuite name="test_singleton_tests.SingletonTests-20220503220905" tests="1" file="test_singleton_tests.py" time="0.001" timestamp="2022-05-03T22:09:05" failures="0" errors="0" skipped="0">
	<testcase classname="test_singleton_tests.SingletonTests" name="test_singleton_appointment_store" time="0.001" timestamp="2022-05-03T22:09:05"/>
</testsuite>
